<?xml version="1.0" encoding="UTF-8"?>
<!-- Generated by org.testng.reporters.JUnitXMLReporter -->
<testsuite ignored="0" hostname="RGCWP16JWC" failures="0" tests="5" name="MyTestGroup" time="1.95" errors="0" timestamp="2024-11-25T20:40:00 WIB">
  <testcase classname="scenario.RestAssuredTest" name="AddObject" time="0.65"/>
  <testcase classname="scenario.RestAssuredTest" name="GetAllObjects" time="0.184"/>
  <testcase classname="scenario.RestAssuredTest" name="UpdateObject" time="0.359"/>
  <testcase classname="scenario.RestAssuredTest" name="DeleteDataObject" time="0.295"/>
  <testcase classname="scenario.RestAssuredTest" name="GetAllObjectsByIds" time="0.184"/>
</testsuite> <!-- MyTestGroup -->
