<?xml version="1.0" encoding="UTF-8"?>
<!-- Generated by org.testng.reporters.JUnitXMLReporter -->
<testsuite ignored="0" hostname="RGCWP16JWC" failures="1" tests="16" name="MyTestGroup" time="0.04" errors="0" timestamp="2024-11-24T21:32:52 WIB">
  <testcase classname="ParallelTest" name="testMethod1" time="0.008"/>
  <testcase classname="ParallelTest" name="testMethod2" time="0.0"/>
  <testcase classname="ParallelTest" name="testMethod3" time="0.0"/>
  <testcase classname="ParallelTest" name="testRetry" time="0.0">
    <skipped/>
  </testcase> <!-- testRetry -->
  <testcase classname="ParallelTest" name="testRetry" time="0.0">
    <skipped/>
  </testcase> <!-- testRetry -->
  <testcase classname="ParallelTest" name="testRetry" time="0.0">
    <failure type="java.lang.AssertionError">
      <![CDATA[java.lang.AssertionError
at ParallelTest.testRetry(ParallelTest.java:22)
at java.base/java.util.ArrayList.forEach(ArrayList.java:1541)
... Removed 31 stack frames]]>
    </failure>
  </testcase> <!-- testRetry -->
  <testcase classname="TestNG" name="dependMethod" time="0.0"/>
  <testcase classname="TestNG" name="scenarioTest1" time="0.0"/>
  <testcase classname="TestNG" name="scenarioTestGroup1" time="0.0"/>
  <testcase classname="TestNG" name="scenarioTestGroup2" time="0.0"/>
  <testcase classname="TestNG" name="scenarioTest2" time="0.0"/>
  <testcase classname="TestNG" name="scenarioTestDataProvider" time="0.004"/>
  <testcase classname="TestNG" name="scenarioTestDataProvider" time="0.001"/>
  <testcase classname="TestNG" name="scenarioTestParams" time="0.003"/>
  <testcase classname="TestNG" name="test" time="0.001"/>
  <testcase classname="TestNG" name="dependScenarioTest" time="0.0"/>
</testsuite> <!-- MyTestGroup -->
