<?xml version="1.0" encoding="UTF-8"?>
<testng-results ignored="0" total="5" passed="5" failed="0" skipped="0">
  <reporter-output>
  </reporter-output>
  <suite started-at="2024-11-25T20:39:58 WIB" name="Annotation Execution Suite" finished-at="2024-11-25T20:40:00 WIB" duration-ms="1950">
    <groups>
    </groups>
    <test started-at="2024-11-25T20:39:58 WIB" name="MyTestGroup" finished-at="2024-11-25T20:40:00 WIB" duration-ms="1950">
      <class name="scenario.RestAssuredTest">
        <test-method is-config="true" signature="setUp()[pri:0, instance:scenario.RestAssuredTest@66d18979]" started-at="2024-11-25T20:39:58 WIB" name="setUp" finished-at="2024-11-25T20:39:59 WIB" duration-ms="262" status="PASS">
          <reporter-output>
          </reporter-output>
        </test-method> <!-- setUp -->
        <test-method signature="AddObject(java.lang.String,int,double,java.lang.String,java.lang.String)[pri:0, instance:scenario.RestAssuredTest@66d18979]" started-at="2024-11-25T20:39:59 WIB" name="AddObject" data-provider="addObject" finished-at="2024-11-25T20:39:59 WIB" duration-ms="650" status="PASS">
          <params>
            <param index="0">
              <value>
                <![CDATA[Apple MacBook Pro 16]]>
              </value>
            </param>
            <param index="1">
              <value>
                <![CDATA[2019]]>
              </value>
            </param>
            <param index="2">
              <value>
                <![CDATA[19000]]>
              </value>
            </param>
            <param index="3">
              <value>
                <![CDATA[Intel Core i9]]>
              </value>
            </param>
            <param index="4">
              <value>
                <![CDATA[1 TB]]>
              </value>
            </param>
          </params>
          <reporter-output>
          </reporter-output>
        </test-method> <!-- AddObject -->
        <test-method signature="GetAllObjects()[pri:0, instance:scenario.RestAssuredTest@66d18979]" started-at="2024-11-25T20:39:59 WIB" name="GetAllObjects" finished-at="2024-11-25T20:39:59 WIB" duration-ms="184" status="PASS">
          <reporter-output>
          </reporter-output>
        </test-method> <!-- GetAllObjects -->
        <test-method signature="UpdateObject(java.lang.String,int,double,java.lang.String,java.lang.String)[pri:1, instance:scenario.RestAssuredTest@66d18979]" started-at="2024-11-25T20:39:59 WIB" name="UpdateObject" data-provider="updateObject" finished-at="2024-11-25T20:40:00 WIB" depends-on-methods="scenario.RestAssuredTest.AddObject" duration-ms="359" status="PASS">
          <params>
            <param index="0">
              <value>
                <![CDATA[Apple MacBook Pro 17]]>
              </value>
            </param>
            <param index="1">
              <value>
                <![CDATA[2020]]>
              </value>
            </param>
            <param index="2">
              <value>
                <![CDATA[5000]]>
              </value>
            </param>
            <param index="3">
              <value>
                <![CDATA[Intel Core i5]]>
              </value>
            </param>
            <param index="4">
              <value>
                <![CDATA[3 TB]]>
              </value>
            </param>
          </params>
          <reporter-output>
          </reporter-output>
        </test-method> <!-- UpdateObject -->
        <test-method signature="DeleteDataObject()[pri:2, instance:scenario.RestAssuredTest@66d18979]" started-at="2024-11-25T20:40:00 WIB" name="DeleteDataObject" finished-at="2024-11-25T20:40:00 WIB" depends-on-methods="scenario.RestAssuredTest.AddObject" duration-ms="295" status="PASS">
          <reporter-output>
          </reporter-output>
        </test-method> <!-- DeleteDataObject -->
        <test-method signature="GetAllObjectsByIds()[pri:3, instance:scenario.RestAssuredTest@66d18979]" started-at="2024-11-25T20:40:00 WIB" name="GetAllObjectsByIds" finished-at="2024-11-25T20:40:00 WIB" depends-on-methods="scenario.RestAssuredTest.DeleteDataObject" duration-ms="184" status="PASS">
          <reporter-output>
          </reporter-output>
        </test-method> <!-- GetAllObjectsByIds -->
      </class> <!-- scenario.RestAssuredTest -->
    </test> <!-- MyTestGroup -->
  </suite> <!-- Annotation Execution Suite -->
</testng-results>
