<?xml version="1.0" encoding="UTF-8"?>
<testsuite xmlns:xsi="http://www.w3.org/2001/XMLSchema-instance" xsi:noNamespaceSchemaLocation="https://maven.apache.org/surefire/maven-surefire-plugin/xsd/surefire-test-report-3.0.xsd" version="3.0" name="TestSuite" time="0.287" tests="16" errors="0" skipped="2" failures="1">
  <properties>
[...]
</properties>
  <testcase name="testMethod1" classname="ParallelTest" time="0.007">
    <system-out><![CDATA[Ini adalah test method1 di thread: 1
]]></system-out>
    <system-err><![CDATA[TestNG is commencing execution
]]></system-err>
  </testcase>
  <testcase name="testMethod2" classname="ParallelTest" time="0.0">
    <system-out><![CDATA[Ini adalah test method2 di thread: 1
]]></system-out>
  </testcase>
  <testcase name="testMethod3" classname="ParallelTest" time="0.001">
    <system-out><![CDATA[Ini adalah test method3 di thread: 1
]]></system-out>
  </testcase>
  <testcase name="testRetry" classname="ParallelTest" time="0.0">
    <skipped/>
    <system-out><![CDATA[Execute test ini
]]></system-out>
  </testcase>
  <testcase name="testRetry" classname="ParallelTest" time="0.0">
    <skipped/>
    <system-out><![CDATA[Execute test ini
]]></system-out>
  </testcase>
  <testcase name="testRetry" classname="ParallelTest" time="0.001">
    <failure type="java.lang.AssertionError"><![CDATA[java.lang.AssertionError
	at ParallelTest.testRetry(ParallelTest.java:22)
	at java.base/jdk.internal.reflect.NativeMethodAccessorImpl.invoke0(Native Method)
	at java.base/jdk.internal.reflect.NativeMethodAccessorImpl.invoke(NativeMethodAccessorImpl.java:62)
	at java.base/jdk.internal.reflect.DelegatingMethodAccessorImpl.invoke(DelegatingMethodAccessorImpl.java:43)
	at java.base/java.lang.reflect.Method.invoke(Method.java:566)
	at org.testng.internal.MethodInvocationHelper.invokeMethod(MethodInvocationHelper.java:133)
	at org.testng.internal.TestInvoker.invokeMethod(TestInvoker.java:598)
	at org.testng.internal.TestInvoker.retryFailed(TestInvoker.java:213)
	at org.testng.internal.MethodRunner.runInSequence(MethodRunner.java:58)
	at org.testng.internal.TestInvoker$MethodInvocationAgent.invoke(TestInvoker.java:824)
	at org.testng.internal.TestInvoker.invokeTestMethods(TestInvoker.java:146)
	at org.testng.internal.TestMethodWorker.invokeTestMethods(TestMethodWorker.java:146)
	at org.testng.internal.TestMethodWorker.run(TestMethodWorker.java:128)
	at java.base/java.util.ArrayList.forEach(ArrayList.java:1541)
	at org.testng.TestRunner.privateRun(TestRunner.java:794)
	at org.testng.TestRunner.run(TestRunner.java:596)
	at org.testng.SuiteRunner.runTest(SuiteRunner.java:377)
	at org.testng.SuiteRunner.runSequentially(SuiteRunner.java:371)
	at org.testng.SuiteRunner.privateRun(SuiteRunner.java:332)
	at org.testng.SuiteRunner.run(SuiteRunner.java:276)
	at org.testng.SuiteRunnerWorker.runSuite(SuiteRunnerWorker.java:53)
	at org.testng.SuiteRunnerWorker.run(SuiteRunnerWorker.java:96)
	at org.testng.TestNG.runSuitesSequentially(TestNG.java:1212)
	at org.testng.TestNG.runSuitesLocally(TestNG.java:1134)
	at org.testng.TestNG.runSuites(TestNG.java:1063)
	at org.testng.TestNG.run(TestNG.java:1031)
	at org.apache.maven.surefire.testng.TestNGExecutor.run(TestNGExecutor.java:308)
	at org.apache.maven.surefire.testng.TestNGXmlTestSuite.execute(TestNGXmlTestSuite.java:71)
	at org.apache.maven.surefire.testng.TestNGProvider.invoke(TestNGProvider.java:113)
	at org.apache.maven.surefire.booter.ForkedBooter.runSuitesInProcess(ForkedBooter.java:385)
	at org.apache.maven.surefire.booter.ForkedBooter.execute(ForkedBooter.java:162)
	at org.apache.maven.surefire.booter.ForkedBooter.run(ForkedBooter.java:507)
	at org.apache.maven.surefire.booter.ForkedBooter.main(ForkedBooter.java:495)
]]></failure>
    <system-out><![CDATA[Execute test ini
]]></system-out>
  </testcase>
  <testcase name="dependMethod" classname="TestNG" time="0.0">
    <system-out><![CDATA[Ini akan dijalankan sekali ketika setup class
Ini akan dijalankan setiap scenario test dipanggil
]]></system-out>
  </testcase>
  <testcase name="scenarioTest1" classname="TestNG" time="0.0">
    <system-out><![CDATA[Ini akan dijalankan setelah setiap scenario/method dijalankan
Ini akan dijalankan setiap scenario test dipanggil
Ini adalah scenario test 1
]]></system-out>
  </testcase>
  <testcase name="scenarioTestGroup1" classname="TestNG" time="0.0">
    <system-out><![CDATA[Ini akan dijalankan setelah setiap scenario/method dijalankan
Ini akan dijalankan setiap scenario test dipanggil
Ini adalah scenario test group1
]]></system-out>
  </testcase>
  <testcase name="scenarioTestGroup2" classname="TestNG" time="0.0">
    <system-out><![CDATA[Ini akan dijalankan setelah setiap scenario/method dijalankan
Ini akan dijalankan setiap scenario test dipanggil
Ini adalah scenario test group2
]]></system-out>
  </testcase>
  <testcase name="scenarioTest2" classname="TestNG" time="0.0">
    <system-out><![CDATA[Ini akan dijalankan setelah setiap scenario/method dijalankan
Ini akan dijalankan setiap scenario test dipanggil
Ini adalah scenario test 2
]]></system-out>
  </testcase>
  <testcase name="scenarioTestDataProvider[Albert, 25](1)" classname="TestNG" time="0.004">
    <system-out><![CDATA[Ini akan dijalankan setelah setiap scenario/method dijalankan
Ini akan dijalankan setiap scenario test dipanggil
Data collection : Albert25
]]></system-out>
  </testcase>
  <testcase name="scenarioTestDataProvider[Jeffry, 26](2)" classname="TestNG" time="0.0">
    <system-out><![CDATA[Ini akan dijalankan setelah setiap scenario/method dijalankan
Ini akan dijalankan setiap scenario test dipanggil
Data collection : Jeffry26
]]></system-out>
  </testcase>
  <testcase name="scenarioTestParams[Bootcamp API Automation](1)" classname="TestNG" time="0.001">
    <system-out><![CDATA[Ini akan dijalankan setelah setiap scenario/method dijalankan
Ini akan dijalankan setiap scenario test dipanggil
Nama programnya adalah : Bootcamp API Automation
]]></system-out>
  </testcase>
  <testcase name="test[42](1)" classname="TestNG" time="0.0">
    <system-out><![CDATA[Ini akan dijalankan setelah setiap scenario/method dijalankan
Ini akan dijalankan setiap scenario test dipanggil
Hasilnya adalah: 42
]]></system-out>
  </testcase>
  <testcase name="dependScenarioTest" classname="TestNG" time="0.0">
    <system-out><![CDATA[Ini akan dijalankan setelah setiap scenario/method dijalankan
Ini akan dijalankan setiap scenario test dipanggil
Hasil dari get value dependency: Ini adalah class advance
]]></system-out>
  </testcase>
</testsuite>