-------------------------------------------------------------------------------
Test set: TestSuite
-------------------------------------------------------------------------------
Tests run: 11, Failures: 1, Errors: 0, Skipped: 2, Time elapsed: 1.928 s <<< FAILURE! - in TestSuite
testRetry(ParallelTest)  Time elapsed: 0.003 s  <<< FAILURE!
java.lang.AssertionError
	at ParallelTest.testRetry(ParallelTest.java:22)

