[
  {
    "line": 1,
    "elements": [
      {
        "start_timestamp": "2024-12-09T04:13:04.649Z",
        "before": [
          {
            "result": {
              "duration": 246178000,
              "status": "passed"
            },
            "match": {
              "location": "stepdefenitions.StepDefenitions.setUp()"
            }
          }
        ],
        "line": 5,
        "name": "As a user I can add new data",
        "description": "",
        "id": "end-to-end-simulation-test;as-a-user-i-can-add-new-data",
        "type": "scenario",
        "keyword": "Scenario",
        "steps": [
          {
            "result": {
              "duration": 1322202000,
              "status": "passed"
            },
            "line": 6,
            "name": "A list of item are available",
            "match": {
              "location": "stepdefenitions.StepDefenitions.a_list_of_item_are_available()"
            },
            "keyword": "Given "
          },
          {
            "result": {
              "error_message": "io.cucumber.core.exception.CucumberException: Step [I add item to list] is defined with 4 parameters at \u0027stepdefenitions.StepDefenitions.i_add_item_to_list(java.lang.String,double,double,double)\u0027.\nHowever, the gherkin step has 0 arguments.\nStep text: I add item to list\n\tat io.cucumber.core.runner.PickleStepDefinitionMatch.arityMismatch(PickleStepDefinitionMatch.java:134)\n\tat io.cucumber.core.runner.PickleStepDefinitionMatch.runStep(PickleStepDefinitionMatch.java:42)\n\tat io.cucumber.core.runner.TestStep.executeStep(TestStep.java:64)\n\tat io.cucumber.core.runner.TestStep.run(TestStep.java:49)\n\tat io.cucumber.core.runner.PickleStepTestStep.run(PickleStepTestStep.java:46)\n\tat io.cucumber.core.runner.TestCase.run(TestCase.java:51)\n\tat io.cucumber.core.runner.Runner.runPickle(Runner.java:66)\n\tat io.cucumber.junit.PickleRunners$NoStepDescriptions.run(PickleRunners.java:149)\n\tat io.cucumber.junit.FeatureRunner.runChild(FeatureRunner.java:83)\n\tat io.cucumber.junit.FeatureRunner.runChild(FeatureRunner.java:24)\n\tat org.junit.runners.ParentRunner$4.run(ParentRunner.java:331)\n\tat org.junit.runners.ParentRunner$1.schedule(ParentRunner.java:79)\n\tat org.junit.runners.ParentRunner.runChildren(ParentRunner.java:329)\n\tat org.junit.runners.ParentRunner.access$100(ParentRunner.java:66)\n\tat org.junit.runners.ParentRunner$2.evaluate(ParentRunner.java:293)\n\tat org.junit.runners.ParentRunner$3.evaluate(ParentRunner.java:306)\n\tat org.junit.runners.ParentRunner.run(ParentRunner.java:413)\n\tat io.cucumber.junit.Cucumber.runChild(Cucumber.java:185)\n\tat io.cucumber.junit.Cucumber.runChild(Cucumber.java:83)\n\tat org.junit.runners.ParentRunner$4.run(ParentRunner.java:331)\n\tat org.junit.runners.ParentRunner$1.schedule(ParentRunner.java:79)\n\tat org.junit.runners.ParentRunner.runChildren(ParentRunner.java:329)\n\tat org.junit.runners.ParentRunner.access$100(ParentRunner.java:66)\n\tat org.junit.runners.ParentRunner$2.evaluate(ParentRunner.java:293)\n\tat io.cucumber.junit.Cucumber$RunCucumber.evaluate(Cucumber.java:219)\n\tat org.junit.runners.ParentRunner$3.evaluate(ParentRunner.java:306)\n\tat org.junit.runners.ParentRunner.run(ParentRunner.java:413)\n\tat org.eclipse.jdt.internal.junit4.runner.JUnit4TestReference.run(JUnit4TestReference.java:93)\n\tat org.eclipse.jdt.internal.junit.runner.TestExecution.run(TestExecution.java:40)\n\tat org.eclipse.jdt.internal.junit.runner.RemoteTestRunner.runTests(RemoteTestRunner.java:530)\n\tat org.eclipse.jdt.internal.junit.runner.RemoteTestRunner.runTests(RemoteTestRunner.java:758)\n\tat org.eclipse.jdt.internal.junit.runner.RemoteTestRunner.run(RemoteTestRunner.java:453)\n\tat org.eclipse.jdt.internal.junit.runner.RemoteTestRunner.main(RemoteTestRunner.java:211)\n",
              "duration": 2524000,
              "status": "failed"
            },
            "line": 7,
            "name": "I add item to list",
            "match": {
              "location": "stepdefenitions.StepDefenitions.i_add_item_to_list(java.lang.String,double,double,double)"
            },
            "keyword": "When "
          },
          {
            "result": {
              "duration": 2600000,
              "status": "skipped"
            },
            "line": 8,
            "name": "The item is available",
            "match": {
              "location": "stepdefenitions.StepDefenitions.the_item_is_available()"
            },
            "keyword": "Then "
          }
        ],
        "tags": [
          {
            "name": "@test1"
          }
        ]
      },
      {
        "start_timestamp": "2024-12-09T04:13:06.311Z",
        "before": [
          {
            "result": {
              "duration": 957000,
              "status": "passed"
            },
            "match": {
              "location": "stepdefenitions.StepDefenitions.setUp()"
            }
          }
        ],
        "line": 10,
        "name": "As a user I can update data",
        "description": "",
        "id": "end-to-end-simulation-test;as-a-user-i-can-update-data",
        "type": "scenario",
        "keyword": "Scenario",
        "steps": [
          {
            "result": {
              "duration": 796540000,
              "status": "passed"
            },
            "line": 11,
            "name": "A list of item are available",
            "match": {
              "location": "stepdefenitions.StepDefenitions.a_list_of_item_are_available()"
            },
            "keyword": "Given "
          },
          {
            "result": {
              "error_message": "io.cucumber.core.exception.CucumberException: Step [I add item to list] is defined with 4 parameters at \u0027stepdefenitions.StepDefenitions.i_add_item_to_list(java.lang.String,double,double,double)\u0027.\nHowever, the gherkin step has 0 arguments.\nStep text: I add item to list\n\tat io.cucumber.core.runner.PickleStepDefinitionMatch.arityMismatch(PickleStepDefinitionMatch.java:134)\n\tat io.cucumber.core.runner.PickleStepDefinitionMatch.runStep(PickleStepDefinitionMatch.java:42)\n\tat io.cucumber.core.runner.TestStep.executeStep(TestStep.java:64)\n\tat io.cucumber.core.runner.TestStep.run(TestStep.java:49)\n\tat io.cucumber.core.runner.PickleStepTestStep.run(PickleStepTestStep.java:46)\n\tat io.cucumber.core.runner.TestCase.run(TestCase.java:51)\n\tat io.cucumber.core.runner.Runner.runPickle(Runner.java:66)\n\tat io.cucumber.junit.PickleRunners$NoStepDescriptions.run(PickleRunners.java:149)\n\tat io.cucumber.junit.FeatureRunner.runChild(FeatureRunner.java:83)\n\tat io.cucumber.junit.FeatureRunner.runChild(FeatureRunner.java:24)\n\tat org.junit.runners.ParentRunner$4.run(ParentRunner.java:331)\n\tat org.junit.runners.ParentRunner$1.schedule(ParentRunner.java:79)\n\tat org.junit.runners.ParentRunner.runChildren(ParentRunner.java:329)\n\tat org.junit.runners.ParentRunner.access$100(ParentRunner.java:66)\n\tat org.junit.runners.ParentRunner$2.evaluate(ParentRunner.java:293)\n\tat org.junit.runners.ParentRunner$3.evaluate(ParentRunner.java:306)\n\tat org.junit.runners.ParentRunner.run(ParentRunner.java:413)\n\tat io.cucumber.junit.Cucumber.runChild(Cucumber.java:185)\n\tat io.cucumber.junit.Cucumber.runChild(Cucumber.java:83)\n\tat org.junit.runners.ParentRunner$4.run(ParentRunner.java:331)\n\tat org.junit.runners.ParentRunner$1.schedule(ParentRunner.java:79)\n\tat org.junit.runners.ParentRunner.runChildren(ParentRunner.java:329)\n\tat org.junit.runners.ParentRunner.access$100(ParentRunner.java:66)\n\tat org.junit.runners.ParentRunner$2.evaluate(ParentRunner.java:293)\n\tat io.cucumber.junit.Cucumber$RunCucumber.evaluate(Cucumber.java:219)\n\tat org.junit.runners.ParentRunner$3.evaluate(ParentRunner.java:306)\n\tat org.junit.runners.ParentRunner.run(ParentRunner.java:413)\n\tat org.eclipse.jdt.internal.junit4.runner.JUnit4TestReference.run(JUnit4TestReference.java:93)\n\tat org.eclipse.jdt.internal.junit.runner.TestExecution.run(TestExecution.java:40)\n\tat org.eclipse.jdt.internal.junit.runner.RemoteTestRunner.runTests(RemoteTestRunner.java:530)\n\tat org.eclipse.jdt.internal.junit.runner.RemoteTestRunner.runTests(RemoteTestRunner.java:758)\n\tat org.eclipse.jdt.internal.junit.runner.RemoteTestRunner.run(RemoteTestRunner.java:453)\n\tat org.eclipse.jdt.internal.junit.runner.RemoteTestRunner.main(RemoteTestRunner.java:211)\n",
              "duration": 954000,
              "status": "failed"
            },
            "line": 12,
            "name": "I add item to list",
            "match": {
              "location": "stepdefenitions.StepDefenitions.i_add_item_to_list(java.lang.String,double,double,double)"
            },
            "keyword": "When "
          },
          {
            "result": {
              "duration": 1407000,
              "status": "skipped"
            },
            "line": 13,
            "name": "The item is available",
            "match": {
              "location": "stepdefenitions.StepDefenitions.the_item_is_available()"
            },
            "keyword": "And "
          },
          {
            "result": {
              "duration": 242000,
              "status": "skipped"
            },
            "line": 14,
            "name": "I can update item",
            "match": {
              "location": "stepdefenitions.StepDefenitions.i_can_update_that_item()"
            },
            "keyword": "Then "
          }
        ]
      }
    ],
    "name": "End to End simulation Test",
    "description": "Description: We will test some scenario implement E2E Test",
    "id": "end-to-end-simulation-test",
    "keyword": "Feature",
    "uri": "file:src/test/resources/features/End2End_Test.feature",
    "tags": []
  }
]